# Домашнее задание к занятию «Индексы» - Тимохин Максим 

### Задание 1

Напишите запрос к учебной базе данных, который вернёт процентное отношение общего размера всех индексов к общему размеру всех таблиц.

Ответ:

```sql
SELECT count(INDEX_LENGTH) / (SELECT sum(DATA_LENGTH) from INFORMATION_SCHEMA.TABLES ) *100 
from information_schema.TABLES t
```

![1](https://github.com/MrAgrippa/bd-ib-homework/blob/main/img/12-05/1.JPG)

### Задание 2

Выполните explain analyze следующего запроса:
```sql
select distinct concat(c.last_name, ' ', c.first_name), sum(p.amount) over (partition by c.customer_id, f.title)
from payment p, rental r, customer c, inventory i, film f
where date(p.payment_date) = '2005-07-30' and p.payment_date = r.rental_date and r.customer_id = c.customer_id and i.inventory_id = r.inventory_id
```
перечислите узкие места;
оптимизируйте запрос: внесите корректировки по использованию операторов, при необходимости добавьте индексы.

Ответ: 

Узкое место на мой взгляд может быть связано с производительностью, особенно если таблица payment содержит большое количество записей

Необходимо убрать из запроса f.title и film f и добавить индекс payment p.

```sql
EXPLAIN ANALYZE
select distinct  payment_id , concat(c.last_name, ' ', c.first_name ), payment_date, sum(p.amount) over (partition by c.customer_id ) 
from payment p, rental r, customer c, inventory i
where date(p.payment_date) = '2005-07-30' and p.payment_date = r.rental_date and r.customer_id = c.customer_id and i.inventory_id = r.inventory_id



imit: 200 row(s)  (cost=0.00..0.00 rows=0) (actual time=16.344..16.406 rows=200 loops=1)
    -> Table scan on <temporary>  (cost=2.50..2.50 rows=0) (actual time=16.341..16.392 rows=200 loops=1)
        -> Temporary table with deduplication  (cost=0.00..0.00 rows=0) (actual time=16.337..16.337 rows=642 loops=1)
            -> Window aggregate with buffering: sum(payment.amount) OVER (PARTITION BY c.customer_id )   (actual time=13.988..15.890 rows=642 loops=1)
                -> Sort: c.customer_id  (actual time=13.921..14.011 rows=642 loops=1)
                    -> Stream results  (cost=29732.70 rows=16010) (actual time=0.114..13.538 rows=642 loops=1)
                        -> Nested loop inner join  (cost=29732.70 rows=16010) (actual time=0.105..12.946 rows=642 loops=1)
                            -> Nested loop inner join  (cost=24129.21 rows=16010) (actual time=0.100..11.724 rows=642 loops=1)
                                -> Nested loop inner join  (cost=18525.72 rows=16010) (actual time=0.089..10.789 rows=642 loops=1)
                                    -> Filter: (cast(p.payment_date as date) = '2005-07-30')  (cost=1605.55 rows=15813) (actual time=0.072..8.721 rows=634 loops=1)
                                        -> Table scan on p  (cost=1605.55 rows=15813) (actual time=0.056..6.565 rows=16044 loops=1)
                                    -> Covering index lookup on r using rental_date (rental_date=p.payment_date)  (cost=0.97 rows=1) (actual time=0.002..0.003 rows=1 loops=634)
                                -> Single-row index lookup on c using PRIMARY (customer_id=r.customer_id)  (cost=0.25 rows=1) (actual time=0.001..0.001 rows=1 loops=642)
                            -> Single-row covering index lookup on i using PRIMARY (inventory_id=r.inventory_id)  (cost=0.25 rows=1) (actual time=0.002..0.002 rows=1 loops=642)
